                                           3:43 pm, Wednesday, October 19, 1988Writing resource data to RESOURCE 1 through 6...
Error on line 44: resource c:/ll2/script/text.987 was not found.
Error on line 45: resource c:/ll2/script/text.988 was not found.
Error on line 46: resource c:/ll2/script/text.991 was not found.
Error on line 87: resource c:/ll2/script/text.004 was not found.
Error on line 89: resource c:/ll2/script/text.006 was not found.
Writing resource data to RESOURCE.001
Error on line 118: resource c:/ll2/script/text.989 was not found.
Error on line 120: resource c:/ll2/script/text.992 was not found.
Error on line 123: resource c:/ll2/script/text.995 was not found.
Error on line 126: resource c:/ll2/script/text.998 was not found.
Error on line 146: resource c:/ll2/script/text.090 was not found.
Writing resource data to RESOURCE.002
Writing resource data to RESOURCE.003
Writing resource data to RESOURCE.004
Writing resource data to RESOURCE.005
Writing resource data to RESOURCE.006
Volume.001 is 140373 bytes long.
Volume.002 is 348493 bytes long.
Volume.003 is 236436 bytes long.
Volume.004 is 204693 bytes long.
Volume.005 is 273825 bytes long.
Volume.006 is 345381 bytes long.
Bytes read: 2287042
Bytes written: 1545485
Compression: 33%
                                           3:48 pm, Wednesday, October 19, 1988
                                                          4 minutes, 42 seconds