                                           3:48 pm, Wednesday, October 19, 1988Writing resource data to RESOURCE 1 through 3...
Error on line 44: resource c:/ll2/script/text.987 was not found.
Error on line 45: resource c:/ll2/script/text.988 was not found.
Error on line 46: resource c:/ll2/script/text.991 was not found.
Error on line 87: resource c:/ll2/script/text.004 was not found.
Error on line 89: resource c:/ll2/script/text.006 was not found.
Writing resource data to RESOURCE.001
Error on line 129: resource c:/ll2/script/text.989 was not found.
Error on line 131: resource c:/ll2/script/text.992 was not found.
Error on line 134: resource c:/ll2/script/text.995 was not found.
Error on line 137: resource c:/ll2/script/text.998 was not found.
Error on line 157: resource c:/ll2/script/text.090 was not found.
Writing resource data to RESOURCE.002
Writing resource data to RESOURCE.003
Volume.001 is 474321 bytes long.
Volume.002 is 406614 bytes long.
Volume.003 is 591551 bytes long.
Bytes read: 2172798
Bytes written: 1469338
Compression: 33%
                                           3:53 pm, Wednesday, October 19, 1988
                                                          4 minutes, 38 seconds