File: file0010.chk
     4: 1.000.011
   344: .M.M.M
   37c: he knothole in the fB 
   3a0: B  side, you sJ J 
   3c2: music store! 96
   3d2: tc. 88
   3d9: ish you were one 
   400: t sunscreen, etc. 88
   422: after tv shows 63
   434:  you get back...
   445: otv studio 17
   453: our suit turns off-whit
   46b: , you discover your passport stuffed between the pages of an old "Cosmo."
   582: New save-game directory:
   72a: E2ECEME[EiEuE~E
   768: 6Q7J
   78a: x9 Q.J
   7a1: {r-!
   7a6: kr/!
   7b2: 6vvCL
   7ee: x9d8
   88b: JJvC0
   897: vQ7J
   8a7: x9cT
   8c3: vQ7J
   8cd: 94x9
   8d8: rF 2
   8de: rI 6C`
   905: 9Tvr
   abf: 9xvW3
   ac6: qxxCF
   b2a: HzvzG
   bed: v9	8
   fb0: zv9 G
   fc4: v9!8
   fdc: zv9"G
   fe6: v9#8
   fff: zv9$G
  1011: zv9%G
  1023: zv9&G
  1035: zv9'G
  1047: zv9(G
  104f: zv9(G
  1061: zv9)G
  1073: zv9*G
  109b: zv9+G
  10a3: zv9,G
  10b5: zv9-G
  10d4: zv9.G
  10f5: zv9/G
  110b: zv90G
  1121: zv91G
  112b: v928
  1181: zv93G
  118b: 	v@j
  11aa: zv94G
  11b4: 	zv95G
  11d4: zv96G
  11dc: 2o	xr
  11ea: zv97G
  11f2: 2Y	xrs
  1200: zv98G
  1208: 2C	xr`
  1216: zv99G
  121e: 2-	xrM
  122c: zv9:G
  1236: v9;8
  124b: 	xr%
  1262: zv9<G
  1298: zv9=G
  12a3: zv9>G
  12cd: zv9?G
  1303: zv9@G
  130e: zv9AG
  1338: zv9BG
  136e: zv9@G
  1379: zv9CG
  1398: zv9DG
  13ae: zv9EG
  13c4: zv9FG
  13da: zv9GG
  13e4: v9H8
  1401: zv9IG
  1417: zv9JG
  142d: zv9KG
  1443: zv9LG
  1464: zv9MG
  1482: zv9NG
  14a3: zv9OG
  14c4: zv9PG
  14da: zv9QG
  14f0: zv9RG
  1506: zv9SG
  151c: zv9TG
  1532: zv9UG
  1548: zv9VG
  1569: zv9WG
  157f: zv9XG
  1595: zv9YG
  15cd: zv9ZG
  15ee: zv9[G
  161a: zv9\G
  1624: v9]8
  1633: zv9MG
  1653: zv9^G
  1669: zv9_G
  167f: zv9`G
  1695: zv9aG
  16ab: zv9bG
  16c1: zv9cG
  16d7: zv9dG
  1823: z9*9,C@
  182b: 6<5*
  1833: zv9eG
  1845: zv9fG
  18a5: zv9gG
  18b0: zv9hG
  190a: zv9iG
  1915: zv9jG
  192b: zv9kG
  1963: zv9lG
  19a0: zv9mG
  19b6: zv9nG
  19d0: zv9oG
  19f1: zv9[G
  1a1b: zv9pG
  1a3e: zv9qG
  1a49: z9!9#C@
  1a51: 6<5!
  1a59: zv9rG
  1a6b: zv9sG
  1a7d: zv9tG
  1ab3: zv9uG
  1ad4: zv9mG
  1adf: zv9vG
  1ae9: v9w8
  1b1a: zv9xG
  1b46: zv9yG
  1b7e: 'T+O)
  1beb: d<N<
  1c05: d<N<
  1c26: d<N<
  1c47: d<N<
  1c68: d<N<
  1c89: d<N<
  1caa: d<N<
  1ccb: d<N<
  1cec: d<N<
  1ec0: OK%I
  1edb: d<N<
  1ee1: XK)I
  1efc: d<N<
  1f02: gK5I
  1f1d: d<N<
  1f23: qK9I
  1f3e: d<N<
  1f44: {KBI
  1f5f: d<N<
  1f80: d<N<
  1fa1: d<N<
  1fc2: d<N<
  1fe3: d<N<
  2034: 9Tvr\
  203e: v9z8
  204f: 9pvv8
  206a: zv9{G
  2074: v9|8
  2110: kv9~CL
  214d: 69	v
  2181: 69	v
  21c6: 69	v
  2202: 69	v
  2236: 69	v
  2272: 69	v
  22c1: 69$x8
  22cb: xv9pxv8j
  22e6: xxQ.J
  2310: 69~x9
  231f: z9	v
  2337: vQ(J
  233c: J$8b
  2341: z9	v
  23b8: xvQ.J
  23d0: xxQ.J
  23f0: HxxC\
  23fa: Hz97v
  2422: Hzv9
  242b: Hzv8
  2812: LSL2
  2817: Novice
  281e: "My name is Larry; Larry Laffer."
  2840: 1.000.011
  284a: Your leisure suit is empty!
  2866: Turn Off
  286f: Turn On
  2877: Big Hero
  2880: Kumquat
  2888: Dork
  288d: Putz
  2892: Lame-o
  2899: Schmuck
  28a1: Pinhead
  28a9: Dweeb
  28af: Nerd
  28b4: Minion
  28bb: Low-life
  28c4: Sleeze
  28cb: Slug
  28d0: Cretin
  28d7: Dullard
  28df: Schlemiel
  28e9: Boor
  28ee: Creep
  28f4: Dim Bulb
  28fd: Jerk
  2902: Hoser
  2908: Nimrod
  290f: Iitem
  2915: NoInv
  291b: Dollar Bill
  2927: Lottery Ticket
  2936: Cruise Ticket
  2944: Million Dollar Bill
  2958: Swimsuit
  2961: Wad O' Dough
  296e: Passport
  2977: Grotesque Gulp
  2986: Sunscreen
  2990: Onklunk
  2998: Fruit
  299e: Sewing Kit
  29a9: Spinach Dip
  29b9: Bikini Top
  29c4: Bikini Bottom
  29d2: Knife
  29d8: Soap
  29dd: Matches
  29e5: Flower
  29ec: Hair Rejuvenator
  29fd: Suitcase
  2a06: Airline Ticket
  2a15: Parachute
  2a1f: Bobby Pin
  2a29: Pamphlet
  2a32: Airsick Bag
  2a3e: Stout Stick
  2a4a: Vine
  2a4f: Ashes
  2a55: Sand
  2a5a: Oh, no! Not again?!
  2a6e: Keep On Muddling
  2a7f: Order A Hintbook
  2a90: Al says:
  2a99: Restore
  2aa1: Restart
  2aa9:   Quit  
  2ab2: dyingScript
  2abe: statusCode
  2ac9: scoreSnd
  2ad2: deadSnd
  2af4: 0L\L
  2b10: 0LxL
  2bb6: 0L M
  2c74: 9xvT
  2cfb: 9xvrX	J
  2d0c: xvQ	J
  2d18: 9xvT
  2dc7: z97v
  2ded: 9xvJ
  2dfc: 9xvQ.J
  2e1e: xvC0
  2e67: r?	6
  2eb4: z6vC'
  2ec3: 9Ev8
  2eed: z97v
  2efa: xvCE
  2eff: z97v
  2f0c: xvCE
  2f34: z97v
  2f97: 9xvr
  2fbe: xxQ	J
  2fda: 9xx[
  2fe0: 6Q2J
  3011: v9Bv8
  302e: xv@Q
  3057: xxQ	J
  305f: xx@ 
  3073: 9xvY
  30c5: x9Bv8
  312b: 6xxC\
  3131: 6xvC\
  3142: 6xzC\
  314d: H?d9
  31a1: 0L"S
  3205: RXReRPP
  3249: 9xvJ
  32ca: 0LZT	
  330c: T%T&T
  3333: vQ.J
  334b: vQ.J
  3362: 9mv8
  3368: vQ.J
  3374: vQ.J
  338a: 9ov8
  3390: vQ.J
  339c: vQ.J
  33b4: vQ.J
  33cb: 9xvJ
  33d7: vQ.J
  34b0: 9Vx6x6C
  3525: e"z6
  35cf: 0LjW
  35f1: Z7W6W
  3601: 9xx[
  3623: 9xvT
  362d: 9xvT
  3682: )6Cg
  3690: )6Cg
  369d: )6Cg
  36c1: )6CL
  36cf: Q69Bv8
  36f7: Q69Bv8
  3742: xv9"x6
  37a4: cast
  37a9: features
  37b2: sounds
  37b9: regions
  37c1: locales
  37c9: addToPics
  37d3: controls
  37dc: timers
  37ea: Free Heap: %u Bytes
  37fe: Largest ptr: %u Bytes
  3814: FreeHunk: %u KBytes
  3828: Largest hunk: %u Bytes
  383f: Game
  384b: Locale
  3855: SAVE GAME
  385f: GAME
  3864: Cancel
  386b: Change Directory
  387f: DNKR
  38a2: HH\Hx|C
  38c7: H9xx|Y
  3960: Z"Z#Z%Z+Z4ZGZ}ZZZRZ
  39b2: H?(x8
  3a7e: x6C8
  3ab7: x6C8
  3aec: x6C8
  3b53: ["[2[N[
  3b5d: ['\\\
  3c6f: x6C:
  3cc5: \&]-]4]j]
  3d50: 2^X^h^
  3d75: xxCF
  3e21: ^$_O_T_a_
  3ed9: \Hx8
  3f2a: xxCF
  4085: Z]`p`
  40cf: Z7b2b
  40dc: Code
  40e1: Collect
  40e9: List
  40f2: Script
  40f9: Event
  40ff: Timer
  413e: 9EvJ
  4785: 9Dx9@
  47be: x92T
  47d1: x92T
  4909: 6kXe
  4953: e4i\h
  4976: z97v
  49a0: z|6Q
  4a3a: 9Dxv
  4a6f: 9xvJ
  4b29: 9Avc
  4b7d: 9Avc
  4bb6: x9Ev
  4bcf: 9@9Ev
  4ce1: x9Ev
  4d32: 9	9Qv
  4e25: x6C:
  4ea4: zvvT
  4f8d: 2^Hq[q
  4f9c: xxQ	J
  507a: 94x[
  5087: <9Bx
  5095: 9.xr)
  514a: z97v
  537a: z95v
  53d5: 9@x9Av
  542f: H?(5
  5487: DItem
  548d: DText
  5493: DIcon
  5499: DButton
  54a3: DEdit
  54a9: DSelector
  54b3: Dialog
  54ba: Controls
  54c4: PrintD
  5500: ,wzw
  5523: ZBwSw
  5545: 9~xg
  554d: v9"xg
  55ce: e"e$e&e(g
  55de: x|CO
  55f5: x|CO
  5656: 9~xg
  565b: 9"xg
  5667: vQ'J
  57a3: v9"xg
  57b3: 7HHx|C
  587a: xhx'z
  5888: y*y`y
  58ac: Hc40
  5ab6: H?(cJ0
  5ac8: vcJJ
  5b06: eJHcP0
  5b39: ePcP0
  5b40: 9Zx|8
  5b4a: HxgJC
  5b68: vcJJ
  5ba1: eHcL0
  5bb0: eLcN0
  5bbf: eNcF0
  5c5a: vcFJ
  5c65: vcFJ
  5c6c: eFH9
  5c8a: HcH0	
  5c90: 9xx|J
  5c99: x|CO
  5c9e: z|97v
  5cda: z9x|cFJ
  5db8: :9rvT
  5e13: g,g*g0g.CR
  5e47: cJ06
  5e58: 6cJJ
  5e67: 69	vcJJ
  5e72: vcJJ
  5e77: 69[vcJJ
  5e94: HcJ0h
  5ea9: gB5Z"0
  5eb6: gB5Z
  6074: |A}"~d}
  60b3: H9xvW*
  60f8: eRH?
  62d1: Feature
  62dc: View
  62e1: Prop
  62f2: Cage
  63ad: H94xg
  641f: x6C:
  643d: 94x9/v
  6452: 9@x9
  646e: J,6T
  64fc: 94xr
  6619: ::9Dx
  6671: InvI
  667a: You are carrying:
  668c: You are carrying nothing!
  66a6: invD
  66fa: zv|C1
  6727: zx|C1
  672d: H9TvY
  679a: Hz9	|C1
  681d: Sound
  686d: jLjLNL
  68a0: Have a nice day.
  68b6: "Have a nice day." she concludes.
  68d8: e a nice day."
  68ed: ffer."
  68f4: st I can remember, this week's Lucky Life Lottery Luck-O Buck-O numbers are: 138, 119, 849, 112, 556, and 328. What six numbers do you have?"
  72dd: Chase
  72e3: Avoid
  79c1: z9Bv9Rz[
  7a34: 69BvG
  7ac0: Jg,g
  7aeb: Jg,g
  7b16: Jg,g
  7bf0: Jg,g
  7c13: Jg,g
  7c2f: Restore
  7c37:   Save  
  7c40: Replace
  7c48: Select the game that you would like to restore.
  7c78: Type the description of this saved game.
  7ca1: This directory/disk can hold no more saved games. You must replace one of your saved games or use Change Directory to save on a different directory/disk.
  7d3b: SRDialog
  7d44: Restore a Game
  7d53: Save a Game
  7d5f: Save
  7d64: GetReplaceName
  7d76: Cancel
  7d7d: selectorI
  7d87: editI
  7d91:  Cancel 
  7d9a: cancelI
  7da2: Change
  7daa: Directory
  7db4: changeDirI
  7dbf: textI
  7dc5: text1
  7dcb: with:
  7dd1: text2
  7dd7: oldName
  7ddf: newName
  7de7: button1
  7def: button2
  7e51: 9EvJ
  7ebb: 69	v
  7f0e: x9wvc
  7f55: :9Ev
  7f7e: 9 9Qv
  7fad: H9Qv
  7fc5: v9Qv
  7fd6: 69-g
  7fef: 9Dx8
  80c3: Enter input
  80cf: User
  80d9: look hole
  8146: 9nx9
  81b2: H?f8
  81cc: xxQ	J
  81de: 9<x8
  81eb: 9vvvG
  86b9: About LSL2
  86c7: Help
  86cf:  File 
  86d6: Save Game
  86e3: Restore Game
  86f8: Restart Game
  8708: Quit
  8710:  Action 
  8719: Pause Game
  8727: Inventory
  8734: Retype
  8743: Boss Key
  874f: Filth Level
  875e: Trite Phrase
  876e:  Speed 
  8776: Change...
  8787: Faster
  8790: Normal
  8799: Slower
  87a2:  Sound 
  87aa: Volume...
  87b7: Turn Off
  87c5: Turn Off
  87ce: Turn On
  87d6: An Al Lowe Production
  87ec: Restart
  87f4:  Oops 
  87fb: Quit
  8800: Oops
  8805: This game is paused.
  881a: Ok. I'm back.
  8828: Use the mouse or the left and right arrow keys.
  8858: Filth-O-Meter
  8866: Dirtier
  886e: Cleaner
  8876: Enter your favorite trite phrase:
  8898: Use the mouse or the left and right arrow keys to select the speed of moving characters.
  88f1: Animation Speed
  8901: Faster
  8908: Slower
  890f: Sound Volume
  891c: Louder
  8923: Softer
  892a: TheMenuBar
  8c18: &=&=
  8c22: L=L=
  8c2c: r=r=
  8c5e: 0>0>
  8c68: V>V>
  8c72: |>|>
  8ca4: :?:?
  8cae: `?`?
  8cea: D@D@
  8cf4: j@j@
  8d26: (A(A
  8d6b: 9@8n
  8d74: vQ(J
  8d91: 9X8n
  8d9a: vQ(J
  8db7: 9.8n
  8dc0: vQ(J
  8dda: z9f9d8n
  90bc: xv8b
  90c1: z9C9j8
  90d7: vQ(J
  90e7: xx8b
  90ec: z9?<8
  9106: vQ)J
  9118: xx8b
  9137: 	J$9
  914b: 9$xv8b
  9152: z9)8
  9167: vQ*J
  91be: z9@9t8
  9206: 9xvW
  9225: H9Ev
  9240: Hxrc
  9257: z9svG
  926d: z9sxG
  9283: z9szG
  9299: z9s9
  92a2: z9s9
  92b9: z9s9
  92d7: 9;8d
  9302: z9s9
  9328: z9s9
  9349: z9s9	G
  9352: z9s9
  935e: z9s9
  98a9: z9s95G
  98e5: xz8T
  98f2: 9s968
  98fd: z9s97G
  9906: z9s98G
  99b7: xz8d
  99ef: z9s99G
  99fa: 9s9:8
  9af0: rm115
  9af6: rm115Script
  9b02: bellScript
  9b0d: aBigClerk
  9b17: theSound
  9ecb: ,wr|
  9fcc: H9xvW4
  a05e: H9Ev
  a079: Hxr%
  a17d: FT4T
  a1fc: rm200
  a24f: .M.M
  a2f0: rm115
  a2f6: rm115Script
  a302: bellScript
  a30d: aBigClerk
  a317: theSound
  a6cb: ,wr|
  a7cc: H9xvW4

