cursor.sc     .....      134    1    10-07-88     9:53
debug.sc      ....m     6617    4    10-15-88    19:53
rm000.sc      ....m    33555   17    10-19-88    15:14
rm001.sc      ....m     7794    4    10-19-88    12:14
rm002.sc      ....m     3311    2    10-13-88     1:48
rm003.sc      ....m     4523    3    10-20-88    23:44
rm004.sc      .....      501    1    07-28-88    15:24
rm005.sc      ....m     6575    4    10-17-88    19:29
rm006.sc      .....     1256    1    09-20-88     9:19
rm007.sc      ....m     2818    2    10-12-88    17:57
rm008.sc      .....     1524    1    10-07-88    14:50
rm009.sc      ....m     2025    1    10-14-88     0:12
rm010.sc      ....m     7539    4    10-19-88    15:16
rm011.sc      ....m     3146    2    10-20-88    13:57
rm012.sc      ....m     2129    2    10-17-88    22:32
rm013.sc      ....m     4373    3    10-19-88    15:04
rm014.sc      .....     2646    2    09-20-88     9:19
rm015.sc      ....m     7677    4    10-20-88    13:57
rm016.sc      ....m     2905    2    10-14-88     0:14
rm017.sc      ....m     2341    2    10-14-88     0:14
rm018.sc      .....     2358    2    09-20-88     9:19
rm019.sc      ....m     3439    2    10-14-88    12:02
rm020.sc      ....m     2956    2    10-17-88    12:07
rm021.sc      ....m     2101    2    10-14-88    12:43
rm022.sc      ....m    10004    5    10-20-88    14:29
rm023.sc      ....m     7255    4    10-16-88     0:56
rm024.sc      ....m     3025    2    10-14-88     0:20
rm025.sc      ....m     2913    2    10-17-88    13:13
rm026.sc      ....m     9745    5    10-16-88     2:11
rm027.sc      .....     2815    2    10-08-88    17:48
rm028.sc      ....m     3230    2    10-16-88    18:03
rm031.sc      ....m     6898    4    10-14-88    23:29
rm032.sc      ....m    13134    7    10-16-88    20:26
rm033.sc      ....m    17670    9    10-20-88    23:56
rm034.sc      ....m    17005    9    10-20-88    22:36
rm035.sc      ....m    17467    9    10-14-88    21:33
rm036.sc      ....m    12095    6    10-16-88     0:58
rm037.sc      ....m     8382    5    10-16-88    21:57
rm038.sc      ....m     7463    4    10-20-88    14:04
rm040.sc      ....m    14520    8    10-16-88    18:30
rm041.sc      ....m     7913    4    10-17-88    23:03
rm042.sc      ....m     8815    5    10-20-88    14:00
rm043.sc      ....m    31615   16    10-20-88    23:38
rm044.sc      ....m    20094   10    10-20-88    20:52
rm045.sc      ....m    12558    7    10-16-88    21:58
rm047.sc      ....m     7401    4    10-16-88     2:46
rm048.sc      ....m    10522    6    10-20-88    21:34
rm050.sc      ....m    14418    8    10-20-88    21:31
rm051.sc      ....m     7566    4    10-14-88     0:28
rm052.sc      ....m    20333   10    10-16-88    21:08
rm053.sc      ....m    11721    6    10-20-88    14:37
rm054.sc      ....m     7956    4    10-20-88    21:24
rm055.sc      ....m    16564    9    10-19-88    12:28
rm056.sc      .....     4156    3    10-08-88    17:47
rm057.sc      ....m    10693    6    10-16-88    21:10
rm058.sc      ....m     1867    1    10-15-88    12:17
rm061.sc      ....m     8415    5    10-15-88    18:40
rm062.sc      ....m    21640   11    10-16-88    21:11
rm063.sc      ....m    12951    7    10-16-88    21:13
rm064.sc      ....m     3243    2    10-21-88     0:04
rm065.sc      ....m     5200    3    10-21-88     0:04
rm070.sc      ....m     4511    3    10-16-88     2:55
rm071.sc      ....m    11192    6    10-19-88    12:18
rm072.sc      ....m     7965    4    10-19-88    12:18
rm073.sc      ....m     3830    2    10-16-88     1:18
rm074.sc      ....m    13770    7    10-20-88    14:19
rm075.sc      ....m    17094    9    10-20-88    14:20
rm076.sc      ....m    13318    7    10-16-88    16:58
rm077.sc      ....m     8121    4    10-16-88     1:19
rm078.sc      ....m    17861    9    10-17-88    18:42
rm079.sc      ....m     9897    5    10-20-88    13:57
rm080.sc      .....     2105    2    09-29-88    12:17
rm081.sc      ....m    10652    6    10-16-88    20:29
rm082.sc      ....m    14622    8    10-16-88    23:24
rm083.sc      ....m     1179    1    10-19-88    15:20
rm084.sc      ....m    22879   12    10-20-88    14:24
rm085.sc      .....     3535    2    10-02-88    21:44
rm086.sc      ....m     6022    3    10-16-88    18:05
rm090.sc      ....m     9897    5    10-13-88    16:57
rm091.sc      .....     7011    4    10-07-88    20:48
rm092.sc      ....m     8660    5    10-20-88    14:25
rm093.sc      ....m     8905    5    10-17-88     9:23
rm095.sc      .....    10011    5    10-01-88    13:02
rm096.sc      ....m     1633    1    10-14-88     0:35
rm099.sc      ....m     1143    1    10-19-88    12:33
rm101.sc      ....m    14320    7    10-17-88    10:34
rm102.sc      ....m    12981    7    10-16-88    12:37
rm103.sc      ....m    24839   13    10-20-88    14:10
rm104.sc      ....m    11799    6    10-16-88    22:06
rm114.sc      ....m    15345    8    10-17-88    10:27
rm115.sc      ....m    17217    9    10-16-88     2:57
rm116.sc      ....m    11401    6    10-16-88     1:29
rm118.sc      ....m     9264    5    10-16-88     2:25
rm125.sc      ....m    12857    7    10-17-88    18:53
rm131.sc      ....m     4833    3    10-20-88    14:32
rm134.sc      ....m     5423    3    10-16-88     1:30
rm138.sc      ....m    10918    6    10-16-88    19:45
rm151.sc      ....m     7355    4    10-16-88    22:02
rm152.sc      ....m     2173    2    10-14-88     0:41
rm178.sc      ....m     8399    5    10-15-88    20:41
rm181.sc      ....m     4061    2    10-19-88    11:38
rm200.sc      ....m     2598    2    10-19-88    15:05
rm300.sc      ....m     3634    2    10-19-88    15:05
rm301.sc      .....     1350    1    08-21-88    13:32
rm400.sc      ....m     1151    1    10-19-88    15:05
rm401.sc      ....m     2273    2    10-14-88     0:41
rm500.sc      ....m     2381    2    10-19-88    15:05
rm600.sc      ....m     3058    2    10-19-88    15:04
rm700.sc      .....     1819    1    10-03-88     0:12
rm901.sc      .....     6660    4    10-01-88    13:03

110 files:      927427 bytes,  510 clusters
