                                               2:37 pm, Sunday, October 9, 1988Writing resource data to RESOURCE 1 through 3...
Error on line 44: resource /ll2/script/text.987 was not found.
Error on line 45: resource /ll2/script/text.988 was not found.
Error on line 46: resource /ll2/script/text.991 was not found.
Error on line 87: resource /ll2/script/text.004 was not found.
Error on line 89: resource /ll2/script/text.006 was not found.
Writing resource data to RESOURCE.001
Error on line 127: resource /ll2/script/text.989 was not found.
Error on line 129: resource /ll2/script/text.992 was not found.
Error on line 132: resource /ll2/script/text.995 was not found.
Error on line 135: resource /ll2/script/text.998 was not found.
Error on line 156: resource /ll2/script/text.090 was not found.
Writing resource data to RESOURCE.002
Writing resource data to RESOURCE.003
Volume.001 is 444412 bytes long.
Volume.002 is 397263 bytes long.
Volume.003 is 594195 bytes long.
Bytes read: 2111146
Bytes written: 1432790
Compression: 33%
                                               2:42 pm, Sunday, October 9, 1988
                                                          4 minutes, 43 seconds